<?xml version="1.0" encoding="UTF-8"?>
<testng-results ignored="1" total="4" passed="3" failed="0" skipped="0">
  <reporter-output>
  </reporter-output>
  <suite started-at="2021-03-12T12:32:08 CST" name="Suite" finished-at="2021-03-12T12:32:16 CST" duration-ms="8288">
    <groups>
    </groups>
    <test started-at="2021-03-12T12:32:08 CST" name="Test" finished-at="2021-03-12T12:32:13 CST" duration-ms="5582">
      <class name="framework.Main">
        <test-method is-config="true" signature="setUp()[pri:0, instance:framework.Main@2928854b]" started-at="2021-03-12T12:32:08 CST" name="setUp" finished-at="2021-03-12T12:32:09 CST" duration-ms="1718" status="PASS">
          <reporter-output>
          </reporter-output>
        </test-method> <!-- setUp -->
        <test-method signature="loginTestPage()[pri:1, instance:framework.Main@2928854b]" started-at="2021-03-12T12:32:09 CST" name="loginTestPage" finished-at="2021-03-12T12:32:10 CST" duration-ms="730" status="PASS">
          <reporter-output>
          </reporter-output>
        </test-method> <!-- loginTestPage -->
        <test-method signature="dashboardPageTest()[pri:2, instance:framework.Main@2928854b]" started-at="2021-03-12T12:32:10 CST" name="dashboardPageTest" finished-at="2021-03-12T12:32:13 CST" duration-ms="2481" status="PASS">
          <reporter-output>
          </reporter-output>
        </test-method> <!-- dashboardPageTest -->
        <test-method is-config="true" signature="tearDown()[pri:0, instance:framework.Main@2928854b]" started-at="2021-03-12T12:32:13 CST" name="tearDown" finished-at="2021-03-12T12:32:13 CST" duration-ms="631" status="PASS">
          <reporter-output>
          </reporter-output>
        </test-method> <!-- tearDown -->
      </class> <!-- framework.Main -->
    </test> <!-- Test -->
    <test started-at="2021-03-12T12:32:13 CST" name="Regression" finished-at="2021-03-12T12:32:16 CST" duration-ms="2671">
      <class name="framework.Main2">
        <test-method is-config="true" signature="setUp()[pri:0, instance:framework.Main2@48fa0f47]" started-at="2021-03-12T12:32:13 CST" name="setUp" finished-at="2021-03-12T12:32:15 CST" duration-ms="1323" status="PASS">
          <reporter-output>
          </reporter-output>
        </test-method> <!-- setUp -->
        <test-method signature="loginTestPage()[pri:1, instance:framework.Main2@48fa0f47]" started-at="2021-03-12T12:32:15 CST" name="loginTestPage" finished-at="2021-03-12T12:32:15 CST" duration-ms="719" status="PASS">
          <reporter-output>
          </reporter-output>
        </test-method> <!-- loginTestPage -->
        <test-method is-config="true" signature="tearDown()[pri:0, instance:framework.Main2@48fa0f47]" started-at="2021-03-12T12:32:15 CST" name="tearDown" finished-at="2021-03-12T12:32:16 CST" duration-ms="627" status="PASS">
          <reporter-output>
          </reporter-output>
        </test-method> <!-- tearDown -->
      </class> <!-- framework.Main2 -->
    </test> <!-- Regression -->
  </suite> <!-- Suite -->
</testng-results>
