<?xml version="1.0" encoding="UTF-8"?>
<testng-results ignored="0" total="1" passed="1" failed="0" skipped="0">
  <reporter-output>
  </reporter-output>
  <suite started-at="2021-02-22T14:56:53 CST" name="Default suite" finished-at="2021-02-22T14:56:59 CST" duration-ms="6070">
    <groups>
    </groups>
    <test started-at="2021-02-22T14:56:53 CST" name="Default test" finished-at="2021-02-22T14:56:59 CST" duration-ms="6070">
      <class name="framework.Main">
        <test-method is-config="true" signature="setUp()[pri:0, instance:framework.Main@79efed2d]" started-at="2021-02-22T14:56:53 CST" name="setUp" finished-at="2021-02-22T14:56:59 CST" duration-ms="5831" status="PASS">
          <reporter-output>
          </reporter-output>
        </test-method> <!-- setUp -->
        <test-method signature="firstTest()[pri:0, instance:framework.Main@79efed2d]" started-at="2021-02-22T14:56:59 CST" name="firstTest" finished-at="2021-02-22T14:56:59 CST" duration-ms="214" status="PASS">
          <reporter-output>
          </reporter-output>
        </test-method> <!-- firstTest -->
      </class> <!-- framework.Main -->
    </test> <!-- Default test -->
  </suite> <!-- Default suite -->
</testng-results>
