<?xml version="1.0" encoding="UTF-8"?>
<!-- Generated by org.testng.reporters.JUnitReportReporter -->
<testsuite hostname="DESKTOP-88S9RBJ" failures="0" tests="2" name="framework.Main" time="0.685" errors="0" timestamp="2021-03-29T20:05:38 CST" skipped="1">
  <testcase classname="framework.Main" name="loginTestPage" time="0.685"/>
  <system-out/>
  <testcase classname="framework.Main" name="dashboardPageTest">
    <skipped/>
  </testcase> <!-- dashboardPageTest -->
  <system-out/>
</testsuite> <!-- framework.Main -->
